running egg_info
creating ../build/db_ik/db_ik.egg-info
writing ../build/db_ik/db_ik.egg-info/PKG-INFO
writing dependency_links to ../build/db_ik/db_ik.egg-info/dependency_links.txt
writing entry points to ../build/db_ik/db_ik.egg-info/entry_points.txt
writing requirements to ../build/db_ik/db_ik.egg-info/requires.txt
writing top-level names to ../build/db_ik/db_ik.egg-info/top_level.txt
writing manifest file '../build/db_ik/db_ik.egg-info/SOURCES.txt'
reading manifest file '../build/db_ik/db_ik.egg-info/SOURCES.txt'
adding license file 'LICENSE'
writing manifest file '../build/db_ik/db_ik.egg-info/SOURCES.txt'
running build
running build_py
creating /home/airlab/mycobot_ws/src/build/db_ik/build
creating /home/airlab/mycobot_ws/src/build/db_ik/build/lib
creating /home/airlab/mycobot_ws/src/build/db_ik/build/lib/db_ik
copying db_ik/__init__.py -> /home/airlab/mycobot_ws/src/build/db_ik/build/lib/db_ik
copying db_ik/mycobot_node.py -> /home/airlab/mycobot_ws/src/build/db_ik/build/lib/db_ik
running install
running install_lib
creating /home/airlab/mycobot_ws/src/install/db_ik/lib/python3.12/site-packages/db_ik
copying /home/airlab/mycobot_ws/src/build/db_ik/build/lib/db_ik/__init__.py -> /home/airlab/mycobot_ws/src/install/db_ik/lib/python3.12/site-packages/db_ik
copying /home/airlab/mycobot_ws/src/build/db_ik/build/lib/db_ik/mycobot_node.py -> /home/airlab/mycobot_ws/src/install/db_ik/lib/python3.12/site-packages/db_ik
byte-compiling /home/airlab/mycobot_ws/src/install/db_ik/lib/python3.12/site-packages/db_ik/__init__.py to __init__.cpython-312.pyc
byte-compiling /home/airlab/mycobot_ws/src/install/db_ik/lib/python3.12/site-packages/db_ik/mycobot_node.py to mycobot_node.cpython-312.pyc
running install_data
creating /home/airlab/mycobot_ws/src/install/db_ik/share/ament_index
creating /home/airlab/mycobot_ws/src/install/db_ik/share/ament_index/resource_index
creating /home/airlab/mycobot_ws/src/install/db_ik/share/ament_index/resource_index/packages
copying resource/db_ik -> /home/airlab/mycobot_ws/src/install/db_ik/share/ament_index/resource_index/packages
copying package.xml -> /home/airlab/mycobot_ws/src/install/db_ik/share/db_ik
running install_egg_info
Copying ../build/db_ik/db_ik.egg-info to /home/airlab/mycobot_ws/src/install/db_ik/lib/python3.12/site-packages/db_ik-0.0.0-py3.12.egg-info
running install_scripts
Installing mycobot_node script to /home/airlab/mycobot_ws/src/install/db_ik/lib/db_ik
writing list of installed files to '/home/airlab/mycobot_ws/src/build/db_ik/install.log'
